C51 COMPILER V9.60.0.0   LCD                                                               12/30/2020 10:39:10 PAGE 1   


C51 COMPILER V9.60.0.0, COMPILATION OF MODULE LCD
OBJECT MODULE PLACED IN .\Objects\lcd.obj
COMPILER INVOKED BY: D:\keil5\C51\BIN\C51.EXE lcd.c ROM(SMALL) OPTIMIZE(8,SPEED) BROWSE INCDIR(..\Final) DEBUG OBJECTEXT
                    -END PRINT(.\Listings\lcd.lst) TABS(2) OBJECT(.\Objects\lcd.obj)

line level    source

   1          #include "lcd.h"
   2          
   3          void Lcd1602_Delay1ms(uint c){
   4   1        uchar a , b ;
   5   1        for(  ;c>0 ;  c--){
   6   2            for(b = 199; b>0 ; b--){
   7   3                for(a = 1 ; a > 0 ; a--);
   8   3            }
   9   2        }
  10   1      }
  11          
  12          void LcdWriteCom(uchar com){
  13   1        LCD1602_E = 0 ;
  14   1        LCD1602_RS = 0 ;
  15   1        LCD1602_RW = 0 ;
  16   1      
  17   1        LCD1602_DATAPINS = com;
  18   1        Lcd1602_Delay1ms(1);
  19   1        
  20   1        LCD1602_E = 1;  
  21   1        Lcd1602_Delay1ms(5);
  22   1        LCD1602_E=0;
  23   1      }
  24          
  25          void LcdWriteData(uchar dat){
  26   1        LCD1602_E = 0 ;
  27   1        LCD1602_RS = 1 ;
  28   1        LCD1602_RW = 0 ;
  29   1      
  30   1        LCD1602_DATAPINS = dat;
  31   1        Lcd1602_Delay1ms(1);
  32   1        
  33   1        LCD1602_E = 1;  
  34   1        Lcd1602_Delay1ms(5);
  35   1        LCD1602_E=0;
  36   1      }
  37          /*
  38          输出第一行信息
  39          定位光标到第二行
  40          */
  41          void LcdInit(){   
  42   1        uchar Display[] = " Created by Xfs";
  43   1        uchar size = sizeof(Display);
  44   1        uchar i ;
  45   1      
  46   1        LcdWriteCom(0x38);  //开显示  0011 1000
  47   1        LcdWriteCom(0x0c);  //开显示不显示光标 0000 1100
  48   1        LcdWriteCom(0x06);  //写一个指针加1 0000 0110
  49   1        LcdWriteCom(0x01);  //清屏 0000 0001
  50   1        LcdWriteCom(0x80);  //设置数据指针起点 1000 0000
  51   1        
  52   1        for(i=0;i<15;i++){
  53   2          LcdWriteData(Display[i]);
  54   2        }
C51 COMPILER V9.60.0.0   LCD                                                               12/30/2020 10:39:10 PAGE 2   

  55   1        
  56   1        LcdWriteCom(0xc0);  
  57   1      }
  58          //void LcdDisplay(uchar *data,uchar len){
  59          //  uchar i;
  60          //  if(len<=16){
  61          //    lcdWriteCom(0x80);  //控制起点在
  62          //    for(i = 0 ; i<len ; i++){
  63          //    }
  64          //  }
  65          //  if(len-16>0){
  66          //  }
  67          //  
  68          //}


MODULE INFORMATION:   STATIC OVERLAYABLE
   CODE SIZE        =    151    ----
   CONSTANT SIZE    =     16    ----
   XDATA SIZE       =   ----    ----
   PDATA SIZE       =   ----    ----
   DATA SIZE        =   ----      17
   IDATA SIZE       =   ----    ----
   BIT SIZE         =   ----    ----
END OF MODULE INFORMATION.


C51 COMPILATION COMPLETE.  0 WARNING(S),  0 ERROR(S)
