C51 COMPILER V9.60.0.0   MAIN                                                              12/29/2020 23:21:46 PAGE 1   


C51 COMPILER V9.60.0.0, COMPILATION OF MODULE MAIN
OBJECT MODULE PLACED IN .\Objects\main.obj
COMPILER INVOKED BY: D:\keil5\C51\BIN\C51.EXE main.c ROM(SMALL) OPTIMIZE(8,SPEED) BROWSE INCDIR(..\Final) DEBUG OBJECTEX
                    -TEND PRINT(.\Listings\main.lst) TABS(2) OBJECT(.\Objects\main.obj)

line level    source

   1          #include "lcd.h"
   2          #include "reg52.h"
   3          
   4          
   5          typedef unsigned int u16;   //对数据类型进行声明定义
   6          typedef unsigned char u8;
   7          
   8          
   9          void main(){
  10   1        u8 Display[] = "Sun xiao feng";
  11   1        u8 size = sizeof(Display);
  12   1        u8 i ;
  13   1        LcdInit();
  14   1        for(i=0;i<13;i++){
  15   2          LcdWriteData(Display[i]);
  16   2        }
  17   1        while(1);
  18   1        
  19   1      }


MODULE INFORMATION:   STATIC OVERLAYABLE
   CODE SIZE        =     52    ----
   CONSTANT SIZE    =     14    ----
   XDATA SIZE       =   ----    ----
   PDATA SIZE       =   ----    ----
   DATA SIZE        =   ----      16
   IDATA SIZE       =   ----    ----
   BIT SIZE         =   ----    ----
END OF MODULE INFORMATION.


C51 COMPILATION COMPLETE.  0 WARNING(S),  0 ERROR(S)
